chat/build/intermediates/manifest_merge_blame_file/debug/manifest-merger-blame-debug-report.txt
1<?xml version="1.0" encoding="utf-8"?>
2<manifest xmlns:android="http://schemas.android.com/apk/res/android"
3    package="com.example.sparkdev"
4    android:versionCode="1"
5    android:versionName="1.0" >
6
7    <uses-sdk
8        android:minSdkVersion="23"
8-->src\main\AndroidManifest.xml
9        android:targetSdkVersion="30" />
9-->src\main\AndroidManifest.xml
10
11    <uses-permission android:name="android.permission.INTERNET" />
11-->src\main\AndroidManifest.xml:5:5-67
11-->src\main\AndroidManifest.xml:5:22-64
12    <uses-permission android:name="android.permission.READ_EXTERNAL_STORAGE" />
12-->src\main\AndroidManifest.xml:6:5-80
12-->src\main\AndroidManifest.xml:6:22-77
13    <uses-permission android:name="android.permission.WRITE_EXTERNAL_STORAGE" />
13-->src\main\AndroidManifest.xml:7:5-81
13-->src\main\AndroidManifest.xml:7:22-78
14    <uses-permission android:name="android.permission.ACCESS_NETWORK_STATE" />
14-->[com.google.firebase:firebase-auth:20.0.0] AndroidManifest.xml:24:5-79
14-->[com.google.firebase:firebase-auth:20.0.0] AndroidManifest.xml:24:22-76
15    <uses-permission android:name="android.permission.WAKE_LOCK" />
15-->[com.google.android.gms:play-services-measurement-api:18.0.0] AndroidManifest.xml:24:5-68
15-->[com.google.android.gms:play-services-measurement-api:18.0.0] AndroidManifest.xml:24:22-65
16    <uses-permission android:name="com.google.android.finsky.permission.BIND_GET_INSTALL_REFERRER_SERVICE" />
16-->[com.google.android.gms:play-services-measurement:18.0.0] AndroidManifest.xml:26:5-110
16-->[com.google.android.gms:play-services-measurement:18.0.0] AndroidManifest.xml:26:22-107
17
18    <application
18-->src\main\AndroidManifest.xml:9:5-43:19
19        android:allowBackup="true"
19-->src\main\AndroidManifest.xml:11:9-35
20        android:appComponentFactory="androidx.core.app.CoreComponentFactory"
20-->[androidx.core:core:1.3.1] AndroidManifest.xml:24:18-86
21        android:debuggable="true"
22        android:extractNativeLibs="false"
23        android:icon="@mipmap/ic_launcher"
23-->src\main\AndroidManifest.xml:12:9-43
24        android:label="@string/app_name"
24-->src\main\AndroidManifest.xml:13:9-41
25        android:roundIcon="@mipmap/ic_launcher_round"
25-->src\main\AndroidManifest.xml:14:9-54
26        android:supportsRtl="true"
26-->src\main\AndroidManifest.xml:15:9-35
27        android:testOnly="true"
28        android:theme="@style/AppTheme" >
28-->src\main\AndroidManifest.xml:16:9-40
29        <activity
29-->src\main\AndroidManifest.xml:18:9-20:57
30            android:name="com.example.sparkdev.ChatActivity"
30-->src\main\AndroidManifest.xml:19:13-41
31            android:parentActivityName="com.example.sparkdev.MainActivity" />
31-->src\main\AndroidManifest.xml:20:13-55
32        <!-- changed the way I closed an xml line for testing -kev -->
33        <activity android:name="com.example.sparkdev.PhoneLoginActivity" />
33-->src\main\AndroidManifest.xml:22:9-56
33-->src\main\AndroidManifest.xml:22:19-53
34        <activity android:name="com.example.sparkdev.ProfileActivity" />
34-->src\main\AndroidManifest.xml:23:9-53
34-->src\main\AndroidManifest.xml:23:19-50
35        <activity
35-->src\main\AndroidManifest.xml:24:9-26:58
36            android:name="com.example.sparkdev.FindFriendsActivity"
36-->src\main\AndroidManifest.xml:25:13-48
37            android:parentActivityName="com.example.sparkdev.MainActivity" />
37-->src\main\AndroidManifest.xml:26:13-55
38        <activity android:name="com.example.sparkdev.GroupChatActivity" />
38-->src\main\AndroidManifest.xml:27:9-55
38-->src\main\AndroidManifest.xml:27:19-52
39        <activity
39-->src\main\AndroidManifest.xml:28:9-30:58
40            android:name="com.example.sparkdev.SettingsActivity"
40-->src\main\AndroidManifest.xml:29:13-45
41            android:parentActivityName="com.example.sparkdev.MainActivity" /> <!-- </activity> -->
41-->src\main\AndroidManifest.xml:30:13-55
42        <activity android:name="com.example.sparkdev.RegisterActivity" />
42-->src\main\AndroidManifest.xml:31:9-54
42-->src\main\AndroidManifest.xml:31:19-51
43        <activity android:name="com.example.sparkdev.LoginActivity" />
43-->src\main\AndroidManifest.xml:32:9-51
43-->src\main\AndroidManifest.xml:32:19-48
44        <activity
44-->src\main\AndroidManifest.xml:33:9-35:59
45            android:name="com.theartofdev.edmodo.cropper.CropImageActivity"
45-->src\main\AndroidManifest.xml:34:13-76
46            android:theme="@style/Base.Theme.AppCompat" /> <!-- optional (needed if default theme has no action bar) -->
46-->src\main\AndroidManifest.xml:35:13-56
47        <activity android:name="com.example.sparkdev.MainActivity" >
47-->src\main\AndroidManifest.xml:36:9-42:20
47-->src\main\AndroidManifest.xml:36:19-47
48            <intent-filter>
48-->src\main\AndroidManifest.xml:37:13-41:29
49                <action android:name="android.intent.action.MAIN" />
49-->src\main\AndroidManifest.xml:38:17-69
49-->src\main\AndroidManifest.xml:38:25-66
50
51                <category android:name="android.intent.category.LAUNCHER" />
51-->src\main\AndroidManifest.xml:40:17-77
51-->src\main\AndroidManifest.xml:40:27-74
52            </intent-filter>
53        </activity>
54        <activity android:name="com.koddev.instagramtest.StartActivity" >
54-->[:app] AndroidManifest.xml:21:9-27:20
54-->[:app] AndroidManifest.xml:21:19-72
55            <intent-filter>
55-->src\main\AndroidManifest.xml:37:13-41:29
56                <action android:name="android.intent.action.MAIN" />
56-->src\main\AndroidManifest.xml:38:17-69
56-->src\main\AndroidManifest.xml:38:25-66
57
58                <category android:name="android.intent.category.LAUNCHER" />
58-->src\main\AndroidManifest.xml:40:17-77
58-->src\main\AndroidManifest.xml:40:27-74
59            </intent-filter>
60        </activity>
61        <activity android:name="com.koddev.instagramtest.InstaLoginActivity" />
61-->[:app] AndroidManifest.xml:28:9-80
61-->[:app] AndroidManifest.xml:28:19-77
62        <activity android:name="com.koddev.instagramtest.InstaRegisterActivity" />
62-->[:app] AndroidManifest.xml:29:9-83
62-->[:app] AndroidManifest.xml:29:19-80
63        <activity android:name="com.koddev.instagramtest.InstaMainActivity" />
63-->[:app] AndroidManifest.xml:30:9-79
63-->[:app] AndroidManifest.xml:30:19-76
64        <activity android:name="com.koddev.instagramtest.PostActivity" />
64-->[:app] AndroidManifest.xml:31:9-74
64-->[:app] AndroidManifest.xml:31:19-71
65        <activity android:name="com.koddev.instagramtest.CommentsActivity" />
65-->[:app] AndroidManifest.xml:35:9-78
65-->[:app] AndroidManifest.xml:35:19-75
66        <activity android:name="com.koddev.instagramtest.OptionsActivity" />
66-->[:app] AndroidManifest.xml:36:9-77
66-->[:app] AndroidManifest.xml:36:19-74
67        <activity android:name="com.koddev.instagramtest.EditProfileActivity" />
67-->[:app] AndroidManifest.xml:37:9-81
67-->[:app] AndroidManifest.xml:37:19-78
68        <activity android:name="com.koddev.instagramtest.FollowersActivity" />
68-->[:app] AndroidManifest.xml:38:9-79
68-->[:app] AndroidManifest.xml:38:19-76
69        <activity android:name="com.koddev.instagramtest.StoryActivity" />
69-->[:app] AndroidManifest.xml:39:9-75
69-->[:app] AndroidManifest.xml:39:19-72
70        <activity android:name="com.koddev.instagramtest.AddStoryActivity" />
70-->[:app] AndroidManifest.xml:40:9-78
70-->[:app] AndroidManifest.xml:40:19-75
71        <activity
71-->[com.google.firebase:firebase-auth:20.0.0] AndroidManifest.xml:27:9-34:50
72            android:name="com.google.firebase.auth.internal.FederatedSignInActivity"
72-->[com.google.firebase:firebase-auth:20.0.0] AndroidManifest.xml:28:13-85
73            android:excludeFromRecents="true"
73-->[com.google.firebase:firebase-auth:20.0.0] AndroidManifest.xml:29:13-46
74            android:exported="true"
74-->[com.google.firebase:firebase-auth:20.0.0] AndroidManifest.xml:30:13-36
75            android:launchMode="singleTask"
75-->[com.google.firebase:firebase-auth:20.0.0] AndroidManifest.xml:31:13-44
76            android:permission="com.google.firebase.auth.api.gms.permission.LAUNCH_FEDERATED_SIGN_IN"
76-->[com.google.firebase:firebase-auth:20.0.0] AndroidManifest.xml:32:13-102
77            android:theme="@android:style/Theme.Translucent.NoTitleBar" />
77-->[com.google.firebase:firebase-auth:20.0.0] AndroidManifest.xml:33:13-72
78        <activity
78-->[com.google.firebase:firebase-auth:20.0.0] AndroidManifest.xml:35:9-52:20
79            android:name="com.google.firebase.auth.internal.GenericIdpActivity"
79-->[com.google.firebase:firebase-auth:20.0.0] AndroidManifest.xml:36:13-80
80            android:excludeFromRecents="true"
80-->[com.google.firebase:firebase-auth:20.0.0] AndroidManifest.xml:37:13-46
81            android:exported="true"
81-->[com.google.firebase:firebase-auth:20.0.0] AndroidManifest.xml:38:13-36
82            android:launchMode="singleTask"
82-->[com.google.firebase:firebase-auth:20.0.0] AndroidManifest.xml:39:13-44
83            android:theme="@android:style/Theme.Translucent.NoTitleBar" >
83-->[com.google.firebase:firebase-auth:20.0.0] AndroidManifest.xml:40:13-72
84            <intent-filter>
84-->[com.google.firebase:firebase-auth:20.0.0] AndroidManifest.xml:41:13-51:29
85                <action android:name="android.intent.action.VIEW" />
85-->[com.google.firebase:firebase-auth:20.0.0] AndroidManifest.xml:42:17-69
85-->[com.google.firebase:firebase-auth:20.0.0] AndroidManifest.xml:42:25-66
86
87                <category android:name="android.intent.category.DEFAULT" />
87-->[com.google.firebase:firebase-auth:20.0.0] AndroidManifest.xml:44:17-76
87-->[com.google.firebase:firebase-auth:20.0.0] AndroidManifest.xml:44:27-73
88                <category android:name="android.intent.category.BROWSABLE" />
88-->[com.google.firebase:firebase-auth:20.0.0] AndroidManifest.xml:45:17-78
88-->[com.google.firebase:firebase-auth:20.0.0] AndroidManifest.xml:45:27-75
89
90                <data
90-->[com.google.firebase:firebase-auth:20.0.0] AndroidManifest.xml:47:17-50:51
91                    android:host="firebase.auth"
91-->[com.google.firebase:firebase-auth:20.0.0] AndroidManifest.xml:48:21-49
92                    android:path="/"
92-->[com.google.firebase:firebase-auth:20.0.0] AndroidManifest.xml:49:21-37
93                    android:scheme="genericidp" />
93-->[com.google.firebase:firebase-auth:20.0.0] AndroidManifest.xml:50:21-48
94            </intent-filter>
95        </activity>
96        <activity
96-->[com.google.firebase:firebase-auth:20.0.0] AndroidManifest.xml:53:9-70:20
97            android:name="com.google.firebase.auth.internal.RecaptchaActivity"
97-->[com.google.firebase:firebase-auth:20.0.0] AndroidManifest.xml:54:13-79
98            android:excludeFromRecents="true"
98-->[com.google.firebase:firebase-auth:20.0.0] AndroidManifest.xml:55:13-46
99            android:exported="true"
99-->[com.google.firebase:firebase-auth:20.0.0] AndroidManifest.xml:56:13-36
100            android:launchMode="singleTask"
100-->[com.google.firebase:firebase-auth:20.0.0] AndroidManifest.xml:57:13-44
101            android:theme="@android:style/Theme.Translucent.NoTitleBar" >
101-->[com.google.firebase:firebase-auth:20.0.0] AndroidManifest.xml:58:13-72
102            <intent-filter>
102-->[com.google.firebase:firebase-auth:20.0.0] AndroidManifest.xml:59:13-69:29
103                <action android:name="android.intent.action.VIEW" />
103-->[com.google.firebase:firebase-auth:20.0.0] AndroidManifest.xml:42:17-69
103-->[com.google.firebase:firebase-auth:20.0.0] AndroidManifest.xml:42:25-66
104
105                <category android:name="android.intent.category.DEFAULT" />
105-->[com.google.firebase:firebase-auth:20.0.0] AndroidManifest.xml:44:17-76
105-->[com.google.firebase:firebase-auth:20.0.0] AndroidManifest.xml:44:27-73
106                <category android:name="android.intent.category.BROWSABLE" />
106-->[com.google.firebase:firebase-auth:20.0.0] AndroidManifest.xml:45:17-78
106-->[com.google.firebase:firebase-auth:20.0.0] AndroidManifest.xml:45:27-75
107
108                <data
108-->[com.google.firebase:firebase-auth:20.0.0] AndroidManifest.xml:47:17-50:51
109                    android:host="firebase.auth"
109-->[com.google.firebase:firebase-auth:20.0.0] AndroidManifest.xml:48:21-49
110                    android:path="/"
110-->[com.google.firebase:firebase-auth:20.0.0] AndroidManifest.xml:49:21-37
111                    android:scheme="recaptcha" />
111-->[com.google.firebase:firebase-auth:20.0.0] AndroidManifest.xml:50:21-48
112            </intent-filter>
113        </activity>
114
115        <service
115-->[com.google.firebase:firebase-auth:20.0.0] AndroidManifest.xml:72:9-81:19
116            android:name="com.google.firebase.auth.api.fallback.service.FirebaseAuthFallbackService"
116-->[com.google.firebase:firebase-auth:20.0.0] AndroidManifest.xml:73:13-101
117            android:enabled="true"
117-->[com.google.firebase:firebase-auth:20.0.0] AndroidManifest.xml:74:13-35
118            android:exported="false" >
118-->[com.google.firebase:firebase-auth:20.0.0] AndroidManifest.xml:75:13-37
119            <intent-filter>
119-->[com.google.firebase:firebase-auth:20.0.0] AndroidManifest.xml:76:13-80:29
120                <action android:name="com.google.firebase.auth.api.gms.service.START" />
120-->[com.google.firebase:firebase-auth:20.0.0] AndroidManifest.xml:77:17-89
120-->[com.google.firebase:firebase-auth:20.0.0] AndroidManifest.xml:77:25-86
121
122                <category android:name="android.intent.category.DEFAULT" />
122-->[com.google.firebase:firebase-auth:20.0.0] AndroidManifest.xml:44:17-76
122-->[com.google.firebase:firebase-auth:20.0.0] AndroidManifest.xml:44:27-73
123            </intent-filter>
124        </service>
125        <service
125-->[com.google.firebase:firebase-auth:20.0.0] AndroidManifest.xml:82:9-88:19
126            android:name="com.google.firebase.components.ComponentDiscoveryService"
126-->[com.google.firebase:firebase-auth:20.0.0] AndroidManifest.xml:83:13-84
127            android:directBootAware="true"
127-->[com.google.firebase:firebase-common:19.3.1] AndroidManifest.xml:35:13-43
128            android:exported="false" >
128-->[com.google.firebase:firebase-auth:20.0.0] AndroidManifest.xml:84:13-37
129            <meta-data
129-->[com.google.firebase:firebase-auth:20.0.0] AndroidManifest.xml:85:13-87:85
130                android:name="com.google.firebase.components:com.google.firebase.auth.FirebaseAuthRegistrar"
130-->[com.google.firebase:firebase-auth:20.0.0] AndroidManifest.xml:86:17-109
131                android:value="com.google.firebase.components.ComponentRegistrar" />
131-->[com.google.firebase:firebase-auth:20.0.0] AndroidManifest.xml:87:17-82
132            <meta-data
132-->[com.google.firebase:firebase-database:19.5.1] AndroidManifest.xml:32:13-34:85
133                android:name="com.google.firebase.components:com.google.firebase.database.DatabaseRegistrar"
133-->[com.google.firebase:firebase-database:19.5.1] AndroidManifest.xml:33:17-109
134                android:value="com.google.firebase.components.ComponentRegistrar" />
134-->[com.google.firebase:firebase-database:19.5.1] AndroidManifest.xml:34:17-82
135            <meta-data
135-->[com.google.firebase:firebase-firestore:22.0.0] AndroidManifest.xml:20:13-22:85
136                android:name="com.google.firebase.components:com.google.firebase.firestore.FirestoreRegistrar"
136-->[com.google.firebase:firebase-firestore:22.0.0] AndroidManifest.xml:21:17-111
137                android:value="com.google.firebase.components.ComponentRegistrar" />
137-->[com.google.firebase:firebase-firestore:22.0.0] AndroidManifest.xml:22:17-82
138            <meta-data
138-->[com.google.firebase:firebase-storage:19.2.0] AndroidManifest.xml:33:13-35:85
139                android:name="com.google.firebase.components:com.google.firebase.storage.StorageRegistrar"
139-->[com.google.firebase:firebase-storage:19.2.0] AndroidManifest.xml:34:17-107
140                android:value="com.google.firebase.components.ComponentRegistrar" />
140-->[com.google.firebase:firebase-storage:19.2.0] AndroidManifest.xml:35:17-82
141            <meta-data
141-->[com.google.android.gms:play-services-measurement-api:18.0.0] AndroidManifest.xml:30:13-32:85
142                android:name="com.google.firebase.components:com.google.firebase.analytics.connector.internal.AnalyticsConnectorRegistrar"
142-->[com.google.android.gms:play-services-measurement-api:18.0.0] AndroidManifest.xml:31:17-139
143                android:value="com.google.firebase.components.ComponentRegistrar" />
143-->[com.google.android.gms:play-services-measurement-api:18.0.0] AndroidManifest.xml:32:17-82
144            <meta-data
144-->[com.google.firebase:firebase-installations:16.3.2] AndroidManifest.xml:17:13-19:85
145                android:name="com.google.firebase.components:com.google.firebase.installations.FirebaseInstallationsRegistrar"
145-->[com.google.firebase:firebase-installations:16.3.2] AndroidManifest.xml:18:17-127
146                android:value="com.google.firebase.components.ComponentRegistrar" />
146-->[com.google.firebase:firebase-installations:16.3.2] AndroidManifest.xml:19:17-82
147        </service>
148
149        <provider
149-->[com.squareup.picasso:picasso:2.71828] AndroidManifest.xml:8:9-11:40
150            android:name="com.squareup.picasso.PicassoProvider"
150-->[com.squareup.picasso:picasso:2.71828] AndroidManifest.xml:9:13-64
151            android:authorities="com.example.sparkdev.com.squareup.picasso"
151-->[com.squareup.picasso:picasso:2.71828] AndroidManifest.xml:10:13-72
152            android:exported="false" />
152-->[com.squareup.picasso:picasso:2.71828] AndroidManifest.xml:11:13-37
153
154        <activity
154-->[com.google.android.gms:play-services-base:17.1.0] AndroidManifest.xml:23:9-26:75
155            android:name="com.google.android.gms.common.api.GoogleApiActivity"
155-->[com.google.android.gms:play-services-base:17.1.0] AndroidManifest.xml:24:13-79
156            android:exported="false"
156-->[com.google.android.gms:play-services-base:17.1.0] AndroidManifest.xml:25:13-37
157            android:theme="@android:style/Theme.Translucent.NoTitleBar" />
157-->[com.google.android.gms:play-services-base:17.1.0] AndroidManifest.xml:26:13-72
158
159        <provider
159-->[com.google.firebase:firebase-common:19.3.1] AndroidManifest.xml:26:9-31:39
160            android:name="com.google.firebase.provider.FirebaseInitProvider"
160-->[com.google.firebase:firebase-common:19.3.1] AndroidManifest.xml:27:13-77
161            android:authorities="com.example.sparkdev.firebaseinitprovider"
161-->[com.google.firebase:firebase-common:19.3.1] AndroidManifest.xml:28:13-72
162            android:directBootAware="true"
162-->[com.google.firebase:firebase-common:19.3.1] AndroidManifest.xml:29:13-43
163            android:exported="false"
163-->[com.google.firebase:firebase-common:19.3.1] AndroidManifest.xml:30:13-37
164            android:initOrder="100" />
164-->[com.google.firebase:firebase-common:19.3.1] AndroidManifest.xml:31:13-36
165
166        <receiver
166-->[com.google.android.gms:play-services-measurement:18.0.0] AndroidManifest.xml:29:9-33:20
167            android:name="com.google.android.gms.measurement.AppMeasurementReceiver"
167-->[com.google.android.gms:play-services-measurement:18.0.0] AndroidManifest.xml:30:13-85
168            android:enabled="true"
168-->[com.google.android.gms:play-services-measurement:18.0.0] AndroidManifest.xml:31:13-35
169            android:exported="false" >
169-->[com.google.android.gms:play-services-measurement:18.0.0] AndroidManifest.xml:32:13-37
170        </receiver>
171
172        <service
172-->[com.google.android.gms:play-services-measurement:18.0.0] AndroidManifest.xml:35:9-38:40
173            android:name="com.google.android.gms.measurement.AppMeasurementService"
173-->[com.google.android.gms:play-services-measurement:18.0.0] AndroidManifest.xml:36:13-84
174            android:enabled="true"
174-->[com.google.android.gms:play-services-measurement:18.0.0] AndroidManifest.xml:37:13-35
175            android:exported="false" />
175-->[com.google.android.gms:play-services-measurement:18.0.0] AndroidManifest.xml:38:13-37
176        <service
176-->[com.google.android.gms:play-services-measurement:18.0.0] AndroidManifest.xml:39:9-43:72
177            android:name="com.google.android.gms.measurement.AppMeasurementJobService"
177-->[com.google.android.gms:play-services-measurement:18.0.0] AndroidManifest.xml:40:13-87
178            android:enabled="true"
178-->[com.google.android.gms:play-services-measurement:18.0.0] AndroidManifest.xml:41:13-35
179            android:exported="false"
179-->[com.google.android.gms:play-services-measurement:18.0.0] AndroidManifest.xml:42:13-37
180            android:permission="android.permission.BIND_JOB_SERVICE" />
180-->[com.google.android.gms:play-services-measurement:18.0.0] AndroidManifest.xml:43:13-69
181
182        <meta-data
182-->[com.google.android.gms:play-services-basement:17.1.0] AndroidManifest.xml:23:9-25:69
183            android:name="com.google.android.gms.version"
183-->[com.google.android.gms:play-services-basement:17.1.0] AndroidManifest.xml:24:13-58
184            android:value="@integer/google_play_services_version" />
184-->[com.google.android.gms:play-services-basement:17.1.0] AndroidManifest.xml:25:13-66
185    </application>
186
187</manifest>